<?xml version="1.0" encoding="UTF-8"?>
<!-- Generated by org.testng.reporters.JUnitReportReporter -->
<testsuite hostname="Sowndarya" failures="0" tests="1" name="com.actitime.generic.DemoTestNG" time="0.002" errors="0" timestamp="2023-02-17T16:54:28 IST" skipped="0">
  <testcase classname="com.actitime.generic.DemoTestNG" name="testDemo" time="0.002"/>
  <system-out>
    <![CDATA[Welcome to TestNG]]>
  </system-out>
</testsuite> <!-- com.actitime.generic.DemoTestNG -->
