<?xml version="1.0" encoding="UTF-8"?>
<!-- Generated by org.testng.reporters.JUnitReportReporter -->
<testsuite hostname="Sowndarya" failures="0" tests="1" name="com.actitime.testScript.LoginPage_Test" time="16.291" errors="0" timestamp="2023-02-18T11:39:31 IST" skipped="0">
  <testcase classname="com.actitime.testScript.LoginPage_Test" name="ValidLogin" time="16.291"/>
  <system-out/>
</testsuite> <!-- com.actitime.testScript.LoginPage_Test -->
