<?xml version="1.0" encoding="UTF-8"?>
<!-- Generated by org.testng.reporters.JUnitReportReporter -->
<testsuite hostname="Sowndarya" failures="0" tests="1" name="com.actitime.testScript.DataDrivenImp" time="46.078" errors="0" timestamp="2023-02-17T21:30:48 IST" skipped="0">
  <testcase classname="com.actitime.testScript.DataDrivenImp" name="test" time="46.078"/>
  <system-out/>
</testsuite> <!-- com.actitime.testScript.DataDrivenImp -->
