<?xml version="1.0" encoding="UTF-8"?>
<!-- Generated by org.testng.reporters.JUnitReportReporter -->
<testsuite hostname="Sowndarya" failures="0" tests="4" name="com.actitime.generic.CustomerModule" time="0.008" errors="0" timestamp="2023-02-17T16:54:28 IST" skipped="0">
  <testcase classname="com.actitime.generic.CustomerModule" name="modifyCustomer" time="0.002"/>
  <system-out>
    <![CDATA[ModifyCustomer]]>
  </system-out>
  <testcase classname="com.actitime.generic.CustomerModule" name="createCustomer" time="0.003"/>
  <system-out>
    <![CDATA[CreateCustomer]]>
  </system-out>
  <testcase classname="com.actitime.generic.CustomerModule" name="createCustomer" time="0.001"/>
  <system-out>
    <![CDATA[CreateCustomer]]>
  </system-out>
  <testcase classname="com.actitime.generic.CustomerModule" name="deleteCustomer" time="0.002"/>
  <system-out>
    <![CDATA[DeleteCustomer]]>
  </system-out>
</testsuite> <!-- com.actitime.generic.CustomerModule -->
