<?xml version="1.0" encoding="UTF-8"?>
<!-- Generated by org.testng.reporters.JUnitReportReporter -->
<testsuite hostname="Sowndarya" failures="0" tests="3" name="com.actitime.testScript.ProjectModule" time="0.038" errors="0" timestamp="2023-02-18T00:22:58 IST" skipped="0">
  <testcase classname="com.actitime.testScript.ProjectModule" name="modifyProject" time="0.007"/>
  <system-out>
    <![CDATA[ModifyProject]]>
  </system-out>
  <testcase classname="com.actitime.testScript.ProjectModule" name="createProject" time="0.022"/>
  <system-out>
    <![CDATA[CreateProject]]>
  </system-out>
  <testcase classname="com.actitime.testScript.ProjectModule" name="deleteProject" time="0.009"/>
  <system-out>
    <![CDATA[DeleteProject]]>
  </system-out>
</testsuite> <!-- com.actitime.testScript.ProjectModule -->
