<?xml version="1.0" encoding="UTF-8"?>
<!-- Generated by org.testng.reporters.JUnitReportReporter -->
<testsuite hostname="Sowndarya" failures="0" tests="3" name="com.actitime.generic.TaskModule" time="0.010" errors="0" timestamp="2023-02-17T16:54:28 IST" skipped="0">
  <testcase classname="com.actitime.generic.TaskModule" name="createTask" time="0.003"/>
  <system-out>
    <![CDATA[CreateTask]]>
  </system-out>
  <testcase classname="com.actitime.generic.TaskModule" name="deleteTask" time="0.004"/>
  <system-out>
    <![CDATA[DeleteTask]]>
  </system-out>
  <testcase classname="com.actitime.generic.TaskModule" name="modifyTask" time="0.003"/>
  <system-out>
    <![CDATA[ModifyTask]]>
  </system-out>
</testsuite> <!-- com.actitime.generic.TaskModule -->
